This file contains any messages produced by compilers while
running configure, to aid debugging if configure makes a mistake.

It was created by winxound configure 3.4.0, which was
generated by GNU Autoconf 2.68.  Invocation command line was

  $ ./configure 

## --------- ##
## Platform. ##
## --------- ##

hostname = L340
uname -m = x86_64
uname -r = 6.11.0-9-generic
uname -s = Linux
uname -v = #9-Ubuntu SMP PREEMPT_DYNAMIC Mon Oct 14 13:19:59 UTC 2024

/usr/bin/uname -p = x86_64
/bin/uname -X     = unknown

/bin/arch              = x86_64
/usr/bin/arch -k       = unknown
/usr/convex/getsysinfo = unknown
/usr/bin/hostinfo      = unknown
/bin/machine           = unknown
/usr/bin/oslevel       = unknown
/bin/universe          = unknown

PATH: /usr/local/sbin
PATH: /usr/local/bin
PATH: /usr/sbin
PATH: /usr/bin
PATH: /sbin
PATH: /bin
PATH: /usr/games
PATH: /usr/local/games
PATH: /snap/bin
PATH: /snap/bin


## ----------- ##
## Core tests. ##
## ----------- ##

configure:2278: checking whether make supports nested variables
configure:2295: result: yes
configure:2352: checking for a BSD-compatible install
configure:2420: result: /usr/bin/install -c
configure:2431: checking whether build environment is sane
configure:2481: result: yes
configure:2622: checking for a thread-safe mkdir -p
configure:2661: result: /usr/bin/mkdir -p
configure:2674: checking for gawk
configure:2704: result: no
configure:2674: checking for mawk
configure:2690: found /usr/bin/mawk
configure:2701: result: mawk
configure:2712: checking whether make sets $(MAKE)
configure:2734: result: yes
configure:2817: checking whether to enable maintainer-specific portions of Makefiles
configure:2826: result: no
configure:2852: checking for style of include used by make
configure:2880: result: GNU
configure:2951: checking for gcc
configure:2967: found /usr/bin/gcc
configure:2978: result: gcc
configure:3207: checking for C compiler version
configure:3216: gcc --version >&5
gcc (Ubuntu 14.2.0-4ubuntu2) 14.2.0
Copyright (C) 2024 Free Software Foundation, Inc.
This is free software; see the source for copying conditions.  There is NO
warranty; not even for MERCHANTABILITY or FITNESS FOR A PARTICULAR PURPOSE.

configure:3227: $? = 0
configure:3216: gcc -v >&5
Using built-in specs.
COLLECT_GCC=gcc
COLLECT_LTO_WRAPPER=/usr/libexec/gcc/x86_64-linux-gnu/14/lto-wrapper
OFFLOAD_TARGET_NAMES=nvptx-none:amdgcn-amdhsa
OFFLOAD_TARGET_DEFAULT=1
Target: x86_64-linux-gnu
Configured with: ../src/configure -v --with-pkgversion='Ubuntu 14.2.0-4ubuntu2' --with-bugurl=file:///usr/share/doc/gcc-14/README.Bugs --enable-languages=c,ada,c++,go,d,fortran,objc,obj-c++,m2,rust --prefix=/usr --with-gcc-major-version-only --program-suffix=-14 --program-prefix=x86_64-linux-gnu- --enable-shared --enable-linker-build-id --libexecdir=/usr/libexec --without-included-gettext --enable-threads=posix --libdir=/usr/lib --enable-nls --enable-bootstrap --enable-clocale=gnu --enable-libstdcxx-debug --enable-libstdcxx-time=yes --with-default-libstdcxx-abi=new --enable-libstdcxx-backtrace --enable-gnu-unique-object --disable-vtable-verify --enable-plugin --enable-default-pie --with-system-zlib --enable-libphobos-checking=release --with-target-system-zlib=auto --enable-objc-gc=auto --enable-multiarch --disable-werror --enable-cet --with-arch-32=i686 --with-abi=m64 --with-multilib-list=m32,m64,mx32 --enable-multilib --with-tune=generic --enable-offload-targets=nvptx-none=/build/gcc-14-zdkDXv/gcc-14-14.2.0/debian/tmp-nvptx/usr,amdgcn-amdhsa=/build/gcc-14-zdkDXv/gcc-14-14.2.0/debian/tmp-gcn/usr --enable-offload-defaulted --without-cuda-driver --enable-checking=release --build=x86_64-linux-gnu --host=x86_64-linux-gnu --target=x86_64-linux-gnu --with-build-config=bootstrap-lto-lean --enable-link-serialization=2
Thread model: posix
Supported LTO compression algorithms: zlib zstd
gcc version 14.2.0 (Ubuntu 14.2.0-4ubuntu2) 
... rest of stderr output deleted ...
configure:3227: $? = 0
configure:3216: gcc -V >&5
gcc: error: unrecognized command-line option '-V'
gcc: fatal error: no input files
compilation terminated.
configure:3227: $? = 1
configure:3216: gcc -qversion >&5
gcc: error: unrecognized command-line option '-qversion'; did you mean '--version'?
gcc: fatal error: no input files
compilation terminated.
configure:3227: $? = 1
configure:3247: checking whether the C compiler works
configure:3269: gcc    conftest.c  >&5
configure:3273: $? = 0
configure:3321: result: yes
configure:3324: checking for C compiler default output file name
configure:3326: result: a.out
configure:3332: checking for suffix of executables
configure:3339: gcc -o conftest    conftest.c  >&5
configure:3343: $? = 0
configure:3365: result: 
configure:3387: checking whether we are cross compiling
configure:3395: gcc -o conftest    conftest.c  >&5
configure:3399: $? = 0
configure:3406: ./conftest
configure:3410: $? = 0
configure:3425: result: no
configure:3430: checking for suffix of object files
configure:3452: gcc -c   conftest.c >&5
configure:3456: $? = 0
configure:3477: result: o
configure:3481: checking whether we are using the GNU C compiler
configure:3500: gcc -c   conftest.c >&5
configure:3500: $? = 0
configure:3509: result: yes
configure:3518: checking whether gcc accepts -g
configure:3538: gcc -c -g  conftest.c >&5
configure:3538: $? = 0
configure:3579: result: yes
configure:3596: checking for gcc option to accept ISO C89
configure:3660: gcc  -c -g -O2  conftest.c >&5
configure:3660: $? = 0
configure:3673: result: none needed
configure:3695: checking dependency style of gcc
configure:3806: result: gcc3
configure:3822: checking for library containing strerror
configure:3853: gcc -o conftest -g -O2   conftest.c  >&5
configure:3853: $? = 0
configure:3870: result: none required
configure:3936: checking for g++
configure:3952: found /usr/bin/g++
configure:3963: result: g++
configure:3990: checking for C++ compiler version
configure:3999: g++ --version >&5
g++ (Ubuntu 14.2.0-4ubuntu2) 14.2.0
Copyright (C) 2024 Free Software Foundation, Inc.
This is free software; see the source for copying conditions.  There is NO
warranty; not even for MERCHANTABILITY or FITNESS FOR A PARTICULAR PURPOSE.

configure:4010: $? = 0
configure:3999: g++ -v >&5
Using built-in specs.
COLLECT_GCC=g++
COLLECT_LTO_WRAPPER=/usr/libexec/gcc/x86_64-linux-gnu/14/lto-wrapper
OFFLOAD_TARGET_NAMES=nvptx-none:amdgcn-amdhsa
OFFLOAD_TARGET_DEFAULT=1
Target: x86_64-linux-gnu
Configured with: ../src/configure -v --with-pkgversion='Ubuntu 14.2.0-4ubuntu2' --with-bugurl=file:///usr/share/doc/gcc-14/README.Bugs --enable-languages=c,ada,c++,go,d,fortran,objc,obj-c++,m2,rust --prefix=/usr --with-gcc-major-version-only --program-suffix=-14 --program-prefix=x86_64-linux-gnu- --enable-shared --enable-linker-build-id --libexecdir=/usr/libexec --without-included-gettext --enable-threads=posix --libdir=/usr/lib --enable-nls --enable-bootstrap --enable-clocale=gnu --enable-libstdcxx-debug --enable-libstdcxx-time=yes --with-default-libstdcxx-abi=new --enable-libstdcxx-backtrace --enable-gnu-unique-object --disable-vtable-verify --enable-plugin --enable-default-pie --with-system-zlib --enable-libphobos-checking=release --with-target-system-zlib=auto --enable-objc-gc=auto --enable-multiarch --disable-werror --enable-cet --with-arch-32=i686 --with-abi=m64 --with-multilib-list=m32,m64,mx32 --enable-multilib --with-tune=generic --enable-offload-targets=nvptx-none=/build/gcc-14-zdkDXv/gcc-14-14.2.0/debian/tmp-nvptx/usr,amdgcn-amdhsa=/build/gcc-14-zdkDXv/gcc-14-14.2.0/debian/tmp-gcn/usr --enable-offload-defaulted --without-cuda-driver --enable-checking=release --build=x86_64-linux-gnu --host=x86_64-linux-gnu --target=x86_64-linux-gnu --with-build-config=bootstrap-lto-lean --enable-link-serialization=2
Thread model: posix
Supported LTO compression algorithms: zlib zstd
gcc version 14.2.0 (Ubuntu 14.2.0-4ubuntu2) 
... rest of stderr output deleted ...
configure:4010: $? = 0
configure:3999: g++ -V >&5
g++: error: unrecognized command-line option '-V'
g++: fatal error: no input files
compilation terminated.
configure:4010: $? = 1
configure:3999: g++ -qversion >&5
g++: error: unrecognized command-line option '-qversion'; did you mean '--version'?
g++: fatal error: no input files
compilation terminated.
configure:4010: $? = 1
configure:4014: checking whether we are using the GNU C++ compiler
configure:4033: g++ -c   conftest.cpp >&5
configure:4033: $? = 0
configure:4042: result: yes
configure:4051: checking whether g++ accepts -g
configure:4071: g++ -c -g  conftest.cpp >&5
configure:4071: $? = 0
configure:4112: result: yes
configure:4137: checking dependency style of g++
configure:4248: result: gcc3
configure:4311: checking for gcc
configure:4338: result: gcc
configure:4567: checking for C compiler version
configure:4576: gcc --version >&5
gcc (Ubuntu 14.2.0-4ubuntu2) 14.2.0
Copyright (C) 2024 Free Software Foundation, Inc.
This is free software; see the source for copying conditions.  There is NO
warranty; not even for MERCHANTABILITY or FITNESS FOR A PARTICULAR PURPOSE.

configure:4587: $? = 0
configure:4576: gcc -v >&5
Using built-in specs.
COLLECT_GCC=gcc
COLLECT_LTO_WRAPPER=/usr/libexec/gcc/x86_64-linux-gnu/14/lto-wrapper
OFFLOAD_TARGET_NAMES=nvptx-none:amdgcn-amdhsa
OFFLOAD_TARGET_DEFAULT=1
Target: x86_64-linux-gnu
Configured with: ../src/configure -v --with-pkgversion='Ubuntu 14.2.0-4ubuntu2' --with-bugurl=file:///usr/share/doc/gcc-14/README.Bugs --enable-languages=c,ada,c++,go,d,fortran,objc,obj-c++,m2,rust --prefix=/usr --with-gcc-major-version-only --program-suffix=-14 --program-prefix=x86_64-linux-gnu- --enable-shared --enable-linker-build-id --libexecdir=/usr/libexec --without-included-gettext --enable-threads=posix --libdir=/usr/lib --enable-nls --enable-bootstrap --enable-clocale=gnu --enable-libstdcxx-debug --enable-libstdcxx-time=yes --with-default-libstdcxx-abi=new --enable-libstdcxx-backtrace --enable-gnu-unique-object --disable-vtable-verify --enable-plugin --enable-default-pie --with-system-zlib --enable-libphobos-checking=release --with-target-system-zlib=auto --enable-objc-gc=auto --enable-multiarch --disable-werror --enable-cet --with-arch-32=i686 --with-abi=m64 --with-multilib-list=m32,m64,mx32 --enable-multilib --with-tune=generic --enable-offload-targets=nvptx-none=/build/gcc-14-zdkDXv/gcc-14-14.2.0/debian/tmp-nvptx/usr,amdgcn-amdhsa=/build/gcc-14-zdkDXv/gcc-14-14.2.0/debian/tmp-gcn/usr --enable-offload-defaulted --without-cuda-driver --enable-checking=release --build=x86_64-linux-gnu --host=x86_64-linux-gnu --target=x86_64-linux-gnu --with-build-config=bootstrap-lto-lean --enable-link-serialization=2
Thread model: posix
Supported LTO compression algorithms: zlib zstd
gcc version 14.2.0 (Ubuntu 14.2.0-4ubuntu2) 
... rest of stderr output deleted ...
configure:4587: $? = 0
configure:4576: gcc -V >&5
gcc: error: unrecognized command-line option '-V'
gcc: fatal error: no input files
compilation terminated.
configure:4587: $? = 1
configure:4576: gcc -qversion >&5
gcc: error: unrecognized command-line option '-qversion'; did you mean '--version'?
gcc: fatal error: no input files
compilation terminated.
configure:4587: $? = 1
configure:4591: checking whether we are using the GNU C compiler
configure:4619: result: yes
configure:4628: checking whether gcc accepts -g
configure:4689: result: yes
configure:4706: checking for gcc option to accept ISO C89
configure:4783: result: none needed
configure:4805: checking dependency style of gcc
configure:4916: result: gcc3
configure:4939: checking how to run the C preprocessor
configure:4970: gcc -E  conftest.c
configure:4970: $? = 0
configure:4984: gcc -E  conftest.c
conftest.c:11:10: fatal error: ac_nonexistent.h: No such file or directory
   11 | #include <ac_nonexistent.h>
      |          ^~~~~~~~~~~~~~~~~~
compilation terminated.
configure:4984: $? = 1
configure: failed program was:
| /* confdefs.h */
| #define PACKAGE_NAME "winxound"
| #define PACKAGE_TARNAME "winxound"
| #define PACKAGE_VERSION "3.4.0"
| #define PACKAGE_STRING "winxound 3.4.0"
| #define PACKAGE_BUGREPORT ""
| #define PACKAGE_URL ""
| #define PACKAGE "winxound"
| #define VERSION "3.4.0"
| /* end confdefs.h.  */
| #include <ac_nonexistent.h>
configure:5009: result: gcc -E
configure:5029: gcc -E  conftest.c
configure:5029: $? = 0
configure:5043: gcc -E  conftest.c
conftest.c:11:10: fatal error: ac_nonexistent.h: No such file or directory
   11 | #include <ac_nonexistent.h>
      |          ^~~~~~~~~~~~~~~~~~
compilation terminated.
configure:5043: $? = 1
configure: failed program was:
| /* confdefs.h */
| #define PACKAGE_NAME "winxound"
| #define PACKAGE_TARNAME "winxound"
| #define PACKAGE_VERSION "3.4.0"
| #define PACKAGE_STRING "winxound 3.4.0"
| #define PACKAGE_BUGREPORT ""
| #define PACKAGE_URL ""
| #define PACKAGE "winxound"
| #define VERSION "3.4.0"
| /* end confdefs.h.  */
| #include <ac_nonexistent.h>
configure:5072: checking for grep that handles long lines and -e
configure:5130: result: /usr/bin/grep
configure:5135: checking for egrep
configure:5197: result: /usr/bin/grep -E
configure:5202: checking for ANSI C header files
configure:5222: gcc -c -g -O2  conftest.c >&5
configure:5222: $? = 0
configure:5295: gcc -o conftest -g -O2   conftest.c  >&5
configure:5295: $? = 0
configure:5295: ./conftest
configure:5295: $? = 0
configure:5306: result: yes
configure:5344: checking build system type
configure:5358: result: x86_64-unknown-linux-gnu
configure:5378: checking host system type
configure:5391: result: x86_64-unknown-linux-gnu
configure:5432: checking how to print strings
configure:5459: result: printf
configure:5480: checking for a sed that does not truncate output
configure:5544: result: /usr/bin/sed
configure:5562: checking for fgrep
configure:5624: result: /usr/bin/grep -F
configure:5659: checking for ld used by gcc
configure:5726: result: /usr/bin/ld
configure:5733: checking if the linker (/usr/bin/ld) is GNU ld
configure:5748: result: yes
configure:5760: checking for BSD- or MS-compatible name lister (nm)
configure:5809: result: /usr/bin/nm -B
configure:5939: checking the name lister (/usr/bin/nm -B) interface
configure:5946: gcc -c -g -O2  conftest.c >&5
configure:5949: /usr/bin/nm -B "conftest.o"
configure:5952: output
0000000000000000 B some_variable
configure:5959: result: BSD nm
configure:5962: checking whether ln -s works
configure:5966: result: yes
configure:5974: checking the maximum length of command line arguments
configure:6104: result: 1572864
configure:6121: checking whether the shell understands some XSI constructs
configure:6131: result: yes
configure:6135: checking whether the shell understands "+="
configure:6141: result: yes
configure:6176: checking how to convert x86_64-unknown-linux-gnu file names to x86_64-unknown-linux-gnu format
configure:6216: result: func_convert_file_noop
configure:6223: checking how to convert x86_64-unknown-linux-gnu file names to toolchain format
configure:6243: result: func_convert_file_noop
configure:6250: checking for /usr/bin/ld option to reload object files
configure:6257: result: -r
configure:6331: checking for objdump
configure:6347: found /usr/bin/objdump
configure:6358: result: objdump
configure:6390: checking how to recognize dependent libraries
configure:6592: result: pass_all
configure:6677: checking for dlltool
configure:6707: result: no
configure:6737: checking how to associate runtime and link libraries
configure:6764: result: printf %s\n
configure:6824: checking for ar
configure:6840: found /usr/bin/ar
configure:6851: result: ar
configure:6888: checking for archiver @FILE support
configure:6905: gcc -c -g -O2  conftest.c >&5
configure:6905: $? = 0
configure:6908: ar cru libconftest.a @conftest.lst >&5
ar: `u' modifier ignored since `D' is the default (see `U')
configure:6911: $? = 0
configure:6916: ar cru libconftest.a @conftest.lst >&5
ar: `u' modifier ignored since `D' is the default (see `U')
ar: conftest.o: No such file or directory
configure:6919: $? = 1
configure:6931: result: @
configure:6989: checking for strip
configure:7005: found /usr/bin/strip
configure:7016: result: strip
configure:7088: checking for ranlib
configure:7104: found /usr/bin/ranlib
configure:7115: result: ranlib
configure:7217: checking command to parse /usr/bin/nm -B output from gcc object
configure:7337: gcc -c -g -O2  conftest.c >&5
configure:7340: $? = 0
configure:7344: /usr/bin/nm -B conftest.o \| sed -n -e 's/^.*[ ]\([ABCDGIRSTW][ABCDGIRSTW]*\)[ ][ ]*\([_A-Za-z][_A-Za-z0-9]*\)$/\1 \2 \2/p' | sed '/ __gnu_lto/d' \> conftest.nm
configure:7347: $? = 0
configure:7413: gcc -o conftest -g -O2   conftest.c conftstm.o >&5
configure:7416: $? = 0
configure:7454: result: ok
configure:7491: checking for sysroot
configure:7521: result: no
configure:7598: gcc -c -g -O2  conftest.c >&5
configure:7601: $? = 0
configure:7777: checking for mt
configure:7793: found /usr/bin/mt
configure:7804: result: mt
configure:7827: checking if mt is a manifest tool
configure:7833: mt '-?'
configure:7841: result: no
configure:8483: checking for sys/types.h
configure:8483: gcc -c -g -O2  conftest.c >&5
configure:8483: $? = 0
configure:8483: result: yes
configure:8483: checking for sys/stat.h
configure:8483: gcc -c -g -O2  conftest.c >&5
configure:8483: $? = 0
configure:8483: result: yes
configure:8483: checking for stdlib.h
configure:8483: gcc -c -g -O2  conftest.c >&5
configure:8483: $? = 0
configure:8483: result: yes
configure:8483: checking for string.h
configure:8483: gcc -c -g -O2  conftest.c >&5
configure:8483: $? = 0
configure:8483: result: yes
configure:8483: checking for memory.h
configure:8483: gcc -c -g -O2  conftest.c >&5
configure:8483: $? = 0
configure:8483: result: yes
configure:8483: checking for strings.h
configure:8483: gcc -c -g -O2  conftest.c >&5
configure:8483: $? = 0
configure:8483: result: yes
configure:8483: checking for inttypes.h
configure:8483: gcc -c -g -O2  conftest.c >&5
configure:8483: $? = 0
configure:8483: result: yes
configure:8483: checking for stdint.h
configure:8483: gcc -c -g -O2  conftest.c >&5
configure:8483: $? = 0
configure:8483: result: yes
configure:8483: checking for unistd.h
configure:8483: gcc -c -g -O2  conftest.c >&5
configure:8483: $? = 0
configure:8483: result: yes
configure:8497: checking for dlfcn.h
configure:8497: gcc -c -g -O2  conftest.c >&5
configure:8497: $? = 0
configure:8497: result: yes
configure:8714: checking for objdir
configure:8729: result: .libs
configure:8996: checking if gcc supports -fno-rtti -fno-exceptions
configure:9014: gcc -c -g -O2  -fno-rtti -fno-exceptions conftest.c >&5
cc1: warning: command-line option '-fno-rtti' is valid for C++/D/ObjC++ but not for C
configure:9018: $? = 0
configure:9031: result: no
configure:9358: checking for gcc option to produce PIC
configure:9365: result: -fPIC -DPIC
configure:9373: checking if gcc PIC flag -fPIC -DPIC works
configure:9391: gcc -c -g -O2  -fPIC -DPIC -DPIC conftest.c >&5
configure:9395: $? = 0
configure:9408: result: yes
configure:9437: checking if gcc static flag -static works
configure:9465: result: yes
configure:9480: checking if gcc supports -c -o file.o
configure:9501: gcc -c -g -O2  -o out/conftest2.o conftest.c >&5
configure:9505: $? = 0
configure:9527: result: yes
configure:9535: checking if gcc supports -c -o file.o
configure:9582: result: yes
configure:9615: checking whether the gcc linker (/usr/bin/ld -m elf_x86_64) supports shared libraries
configure:10772: result: yes
configure:10809: checking whether -lc should be explicitly linked in
configure:10817: gcc -c -g -O2  conftest.c >&5
configure:10820: $? = 0
configure:10835: gcc -shared  -fPIC -DPIC conftest.o  -v -Wl,-soname -Wl,conftest -o conftest 2\>\&1 \| /usr/bin/grep  -lc  \>/dev/null 2\>\&1
configure:10838: $? = 0
configure:10852: result: no
configure:11012: checking dynamic linker characteristics
configure:11523: gcc -o conftest -g -O2   -Wl,-rpath -Wl,/foo conftest.c  >&5
configure:11523: $? = 0
configure:11757: result: GNU/Linux ld.so
configure:11864: checking how to hardcode library paths into programs
configure:11889: result: immediate
configure:12429: checking whether stripping libraries is possible
configure:12434: result: yes
configure:12469: checking if libtool supports shared libraries
configure:12471: result: yes
configure:12474: checking whether to build shared libraries
configure:12495: result: yes
configure:12498: checking whether to build static libraries
configure:12502: result: yes
configure:12525: checking how to run the C++ preprocessor
configure:12552: g++ -E  conftest.cpp
configure:12552: $? = 0
configure:12566: g++ -E  conftest.cpp
conftest.cpp:23:10: fatal error: ac_nonexistent.h: No such file or directory
   23 | #include <ac_nonexistent.h>
      |          ^~~~~~~~~~~~~~~~~~
compilation terminated.
configure:12566: $? = 1
configure: failed program was:
| /* confdefs.h */
| #define PACKAGE_NAME "winxound"
| #define PACKAGE_TARNAME "winxound"
| #define PACKAGE_VERSION "3.4.0"
| #define PACKAGE_STRING "winxound 3.4.0"
| #define PACKAGE_BUGREPORT ""
| #define PACKAGE_URL ""
| #define PACKAGE "winxound"
| #define VERSION "3.4.0"
| #define STDC_HEADERS 1
| #define HAVE_SYS_TYPES_H 1
| #define HAVE_SYS_STAT_H 1
| #define HAVE_STDLIB_H 1
| #define HAVE_STRING_H 1
| #define HAVE_MEMORY_H 1
| #define HAVE_STRINGS_H 1
| #define HAVE_INTTYPES_H 1
| #define HAVE_STDINT_H 1
| #define HAVE_UNISTD_H 1
| #define HAVE_DLFCN_H 1
| #define LT_OBJDIR ".libs/"
| /* end confdefs.h.  */
| #include <ac_nonexistent.h>
configure:12591: result: g++ -E
configure:12611: g++ -E  conftest.cpp
configure:12611: $? = 0
configure:12625: g++ -E  conftest.cpp
conftest.cpp:23:10: fatal error: ac_nonexistent.h: No such file or directory
   23 | #include <ac_nonexistent.h>
      |          ^~~~~~~~~~~~~~~~~~
compilation terminated.
configure:12625: $? = 1
configure: failed program was:
| /* confdefs.h */
| #define PACKAGE_NAME "winxound"
| #define PACKAGE_TARNAME "winxound"
| #define PACKAGE_VERSION "3.4.0"
| #define PACKAGE_STRING "winxound 3.4.0"
| #define PACKAGE_BUGREPORT ""
| #define PACKAGE_URL ""
| #define PACKAGE "winxound"
| #define VERSION "3.4.0"
| #define STDC_HEADERS 1
| #define HAVE_SYS_TYPES_H 1
| #define HAVE_SYS_STAT_H 1
| #define HAVE_STDLIB_H 1
| #define HAVE_STRING_H 1
| #define HAVE_MEMORY_H 1
| #define HAVE_STRINGS_H 1
| #define HAVE_INTTYPES_H 1
| #define HAVE_STDINT_H 1
| #define HAVE_UNISTD_H 1
| #define HAVE_DLFCN_H 1
| #define LT_OBJDIR ".libs/"
| /* end confdefs.h.  */
| #include <ac_nonexistent.h>
configure:12794: checking for ld used by g++
configure:12861: result: /usr/bin/ld -m elf_x86_64
configure:12868: checking if the linker (/usr/bin/ld -m elf_x86_64) is GNU ld
configure:12883: result: yes
configure:12938: checking whether the g++ linker (/usr/bin/ld -m elf_x86_64) supports shared libraries
configure:13943: result: yes
configure:13979: g++ -c -g -O2  conftest.cpp >&5
configure:13982: $? = 0
configure:14502: checking for g++ option to produce PIC
configure:14509: result: -fPIC -DPIC
configure:14517: checking if g++ PIC flag -fPIC -DPIC works
configure:14535: g++ -c -g -O2  -fPIC -DPIC -DPIC conftest.cpp >&5
configure:14539: $? = 0
configure:14552: result: yes
configure:14575: checking if g++ static flag -static works
configure:14603: result: yes
configure:14615: checking if g++ supports -c -o file.o
configure:14636: g++ -c -g -O2  -o out/conftest2.o conftest.cpp >&5
configure:14640: $? = 0
configure:14662: result: yes
configure:14667: checking if g++ supports -c -o file.o
configure:14714: result: yes
configure:14744: checking whether the g++ linker (/usr/bin/ld -m elf_x86_64) supports shared libraries
configure:14783: result: yes
configure:14924: checking dynamic linker characteristics
configure:15603: result: GNU/Linux ld.so
configure:15656: checking how to hardcode library paths into programs
configure:15681: result: immediate
configure:15799: checking for pkg-config
configure:15817: found /usr/bin/pkg-config
configure:15829: result: /usr/bin/pkg-config
configure:15854: checking pkg-config is at least version 0.9.0
configure:15857: result: yes
configure:15867: checking for WINXOUND_GTKMM
configure:15874: $PKG_CONFIG --exists --print-errors "gtkmm-2.4 >= 2.12 vte webkit-1.0"
Package gtkmm-2.4 was not found in the pkg-config search path.
Perhaps you should add the directory containing `gtkmm-2.4.pc'
to the PKG_CONFIG_PATH environment variable
Package 'gtkmm-2.4', required by 'virtual:world', not found
Package 'vte', required by 'virtual:world', not found
Package 'webkit-1.0', required by 'virtual:world', not found
configure:15877: $? = 1
configure:15891: $PKG_CONFIG --exists --print-errors "gtkmm-2.4 >= 2.12 vte webkit-1.0"
Package gtkmm-2.4 was not found in the pkg-config search path.
Perhaps you should add the directory containing `gtkmm-2.4.pc'
to the PKG_CONFIG_PATH environment variable
Package 'gtkmm-2.4', required by 'virtual:world', not found
Package 'vte', required by 'virtual:world', not found
Package 'webkit-1.0', required by 'virtual:world', not found
configure:15894: $? = 1
configure:15908: result: no
Package 'gtkmm-2.4', required by 'virtual:world', not found
Package 'vte', required by 'virtual:world', not found
Package 'webkit-1.0', required by 'virtual:world', not found
configure:15924: error: Package requirements (gtkmm-2.4 >= 2.12 vte webkit-1.0) were not met:

Package 'gtkmm-2.4', required by 'virtual:world', not found
Package 'vte', required by 'virtual:world', not found
Package 'webkit-1.0', required by 'virtual:world', not found

Consider adjusting the PKG_CONFIG_PATH environment variable if you
installed software in a non-standard prefix.

Alternatively, you may set the environment variables WINXOUND_GTKMM_CFLAGS
and WINXOUND_GTKMM_LIBS to avoid the need to call pkg-config.
See the pkg-config man page for more details.

## ---------------- ##
## Cache variables. ##
## ---------------- ##

ac_cv_build=x86_64-unknown-linux-gnu
ac_cv_c_compiler_gnu=yes
ac_cv_cxx_compiler_gnu=yes
ac_cv_env_CCC_set=
ac_cv_env_CCC_value=
ac_cv_env_CC_set=
ac_cv_env_CC_value=
ac_cv_env_CFLAGS_set=
ac_cv_env_CFLAGS_value=
ac_cv_env_CPPFLAGS_set=
ac_cv_env_CPPFLAGS_value=
ac_cv_env_CPP_set=
ac_cv_env_CPP_value=
ac_cv_env_CXXCPP_set=
ac_cv_env_CXXCPP_value=
ac_cv_env_CXXFLAGS_set=
ac_cv_env_CXXFLAGS_value=
ac_cv_env_CXX_set=
ac_cv_env_CXX_value=
ac_cv_env_LDFLAGS_set=
ac_cv_env_LDFLAGS_value=
ac_cv_env_LIBS_set=
ac_cv_env_LIBS_value=
ac_cv_env_PKG_CONFIG_LIBDIR_set=
ac_cv_env_PKG_CONFIG_LIBDIR_value=
ac_cv_env_PKG_CONFIG_PATH_set=
ac_cv_env_PKG_CONFIG_PATH_value=
ac_cv_env_PKG_CONFIG_set=
ac_cv_env_PKG_CONFIG_value=
ac_cv_env_WINXOUND_GTKMM_CFLAGS_set=
ac_cv_env_WINXOUND_GTKMM_CFLAGS_value=
ac_cv_env_WINXOUND_GTKMM_LIBS_set=
ac_cv_env_WINXOUND_GTKMM_LIBS_value=
ac_cv_env_build_alias_set=
ac_cv_env_build_alias_value=
ac_cv_env_host_alias_set=
ac_cv_env_host_alias_value=
ac_cv_env_target_alias_set=
ac_cv_env_target_alias_value=
ac_cv_header_dlfcn_h=yes
ac_cv_header_inttypes_h=yes
ac_cv_header_memory_h=yes
ac_cv_header_stdc=yes
ac_cv_header_stdint_h=yes
ac_cv_header_stdlib_h=yes
ac_cv_header_string_h=yes
ac_cv_header_strings_h=yes
ac_cv_header_sys_stat_h=yes
ac_cv_header_sys_types_h=yes
ac_cv_header_unistd_h=yes
ac_cv_host=x86_64-unknown-linux-gnu
ac_cv_objext=o
ac_cv_path_EGREP='/usr/bin/grep -E'
ac_cv_path_FGREP='/usr/bin/grep -F'
ac_cv_path_GREP=/usr/bin/grep
ac_cv_path_SED=/usr/bin/sed
ac_cv_path_ac_pt_PKG_CONFIG=/usr/bin/pkg-config
ac_cv_path_install='/usr/bin/install -c'
ac_cv_path_mkdir=/usr/bin/mkdir
ac_cv_prog_AWK=mawk
ac_cv_prog_CPP='gcc -E'
ac_cv_prog_CXXCPP='g++ -E'
ac_cv_prog_ac_ct_AR=ar
ac_cv_prog_ac_ct_CC=gcc
ac_cv_prog_ac_ct_CXX=g++
ac_cv_prog_ac_ct_MANIFEST_TOOL=mt
ac_cv_prog_ac_ct_OBJDUMP=objdump
ac_cv_prog_ac_ct_RANLIB=ranlib
ac_cv_prog_ac_ct_STRIP=strip
ac_cv_prog_cc_c89=
ac_cv_prog_cc_g=yes
ac_cv_prog_cxx_g=yes
ac_cv_prog_make_make_set=yes
ac_cv_search_strerror='none required'
am_cv_CC_dependencies_compiler_type=gcc3
am_cv_CXX_dependencies_compiler_type=gcc3
am_cv_make_support_nested_variables=yes
am_cv_prog_cc_stdc=
lt_cv_ar_at_file=@
lt_cv_archive_cmds_need_lc=no
lt_cv_deplibs_check_method=pass_all
lt_cv_file_magic_cmd='$MAGIC_CMD'
lt_cv_file_magic_test_file=
lt_cv_ld_reload_flag=-r
lt_cv_nm_interface='BSD nm'
lt_cv_objdir=.libs
lt_cv_path_LD=/usr/bin/ld
lt_cv_path_LDCXX='/usr/bin/ld -m elf_x86_64'
lt_cv_path_NM='/usr/bin/nm -B'
lt_cv_path_mainfest_tool=no
lt_cv_prog_compiler_c_o=yes
lt_cv_prog_compiler_c_o_CXX=yes
lt_cv_prog_compiler_pic='-fPIC -DPIC'
lt_cv_prog_compiler_pic_CXX='-fPIC -DPIC'
lt_cv_prog_compiler_pic_works=yes
lt_cv_prog_compiler_pic_works_CXX=yes
lt_cv_prog_compiler_rtti_exceptions=no
lt_cv_prog_compiler_static_works=yes
lt_cv_prog_compiler_static_works_CXX=yes
lt_cv_prog_gnu_ld=yes
lt_cv_prog_gnu_ldcxx=yes
lt_cv_sharedlib_from_linklib_cmd='printf %s\n'
lt_cv_shlibpath_overrides_runpath=yes
lt_cv_sys_global_symbol_pipe='sed -n -e '\''s/^.*[	 ]\([ABCDGIRSTW][ABCDGIRSTW]*\)[	 ][	 ]*\([_A-Za-z][_A-Za-z0-9]*\)$/\1 \2 \2/p'\'' | sed '\''/ __gnu_lto/d'\'''
lt_cv_sys_global_symbol_to_c_name_address='sed -n -e '\''s/^: \([^ ]*\)[ ]*$/  {\"\1\", (void *) 0},/p'\'' -e '\''s/^[ABCDGIRSTW]* \([^ ]*\) \([^ ]*\)$/  {"\2", (void *) \&\2},/p'\'''
lt_cv_sys_global_symbol_to_c_name_address_lib_prefix='sed -n -e '\''s/^: \([^ ]*\)[ ]*$/  {\"\1\", (void *) 0},/p'\'' -e '\''s/^[ABCDGIRSTW]* \([^ ]*\) \(lib[^ ]*\)$/  {"\2", (void *) \&\2},/p'\'' -e '\''s/^[ABCDGIRSTW]* \([^ ]*\) \([^ ]*\)$/  {"lib\2", (void *) \&\2},/p'\'''
lt_cv_sys_global_symbol_to_cdecl='sed -n -e '\''s/^T .* \(.*\)$/extern int \1();/p'\'' -e '\''s/^[ABCDGIRSTW]* .* \(.*\)$/extern char \1;/p'\'''
lt_cv_sys_max_cmd_len=1572864
lt_cv_to_host_file_cmd=func_convert_file_noop
lt_cv_to_tool_file_cmd=func_convert_file_noop

## ----------------- ##
## Output variables. ##
## ----------------- ##

ACLOCAL='${SHELL} /media/nandos0804/SSD/winXoundFork/missing --run aclocal-1.11'
AMDEPBACKSLASH='\'
AMDEP_FALSE='#'
AMDEP_TRUE=''
AMTAR='$${TAR-tar}'
AM_BACKSLASH='\'
AM_DEFAULT_V='$(AM_DEFAULT_VERBOSITY)'
AM_DEFAULT_VERBOSITY='0'
AM_V='$(V)'
AR='ar'
AUTOCONF='${SHELL} /media/nandos0804/SSD/winXoundFork/missing --run autoconf'
AUTOHEADER='${SHELL} /media/nandos0804/SSD/winXoundFork/missing --run autoheader'
AUTOMAKE='${SHELL} /media/nandos0804/SSD/winXoundFork/missing --run automake-1.11'
AWK='mawk'
CC='gcc'
CCDEPMODE='depmode=gcc3'
CFLAGS='-g -O2'
CPP='gcc -E'
CPPFLAGS=''
CXX='g++'
CXXCPP='g++ -E'
CXXDEPMODE='depmode=gcc3'
CXXFLAGS='-g -O2'
CYGPATH_W='echo'
DEFS=''
DEPDIR='.deps'
DLLTOOL='false'
DSYMUTIL=''
DUMPBIN=''
ECHO_C=''
ECHO_N='-n'
ECHO_T=''
EGREP='/usr/bin/grep -E'
EXEEXT=''
FGREP='/usr/bin/grep -F'
GREP='/usr/bin/grep'
G_THREADS_IMPL_NONE=''
INSTALL_DATA='${INSTALL} -m 644'
INSTALL_PROGRAM='${INSTALL}'
INSTALL_SCRIPT='${INSTALL}'
INSTALL_STRIP_PROGRAM='$(install_sh) -c -s'
LD='/usr/bin/ld -m elf_x86_64'
LDFLAGS=''
LIBOBJS=''
LIBS=''
LIBTOOL='$(SHELL) $(top_builddir)/libtool'
LIPO=''
LN_S='ln -s'
LTLIBOBJS=''
MAINT='#'
MAINTAINER_MODE_FALSE=''
MAINTAINER_MODE_TRUE='#'
MAKEINFO='${SHELL} /media/nandos0804/SSD/winXoundFork/missing --run makeinfo'
MALLOC_CHECK_=''
MANIFEST_TOOL=':'
MKDIR_P='/usr/bin/mkdir -p'
NM='/usr/bin/nm -B'
NMEDIT=''
OBJDUMP='objdump'
OBJEXT='o'
OTOOL64=''
OTOOL=''
PACKAGE='winxound'
PACKAGE_BUGREPORT=''
PACKAGE_NAME='winxound'
PACKAGE_STRING='winxound 3.4.0'
PACKAGE_TARNAME='winxound'
PACKAGE_URL=''
PACKAGE_VERSION='3.4.0'
PATH_SEPARATOR=':'
PKG_CONFIG='/usr/bin/pkg-config'
PKG_CONFIG_LIBDIR=''
PKG_CONFIG_PATH=''
PLAT_GTK='1'
RANLIB='ranlib'
SED='/usr/bin/sed'
SET_MAKE=''
SHELL='/bin/bash'
STRIP='strip'
VERSION='3.4.0'
WINXOUND_GTKMM_CFLAGS=''
WINXOUND_GTKMM_LIBS=''
__cplusplus='1'
ac_ct_AR='ar'
ac_ct_CC='gcc'
ac_ct_CXX='g++'
ac_ct_DUMPBIN=''
am__EXEEXT_FALSE=''
am__EXEEXT_TRUE=''
am__fastdepCC_FALSE='#'
am__fastdepCC_TRUE=''
am__fastdepCXX_FALSE='#'
am__fastdepCXX_TRUE=''
am__include='include'
am__isrc=''
am__leading_dot='.'
am__nodep='_no'
am__quote=''
am__tar='$${TAR-tar} chof - "$$tardir"'
am__untar='$${TAR-tar} xf -'
bindir='${exec_prefix}/bin'
build='x86_64-unknown-linux-gnu'
build_alias=''
build_cpu='x86_64'
build_os='linux-gnu'
build_vendor='unknown'
datadir='${datarootdir}'
datarootdir='${prefix}/share'
docdir='${datarootdir}/doc/${PACKAGE_TARNAME}'
dvidir='${docdir}'
exec_prefix='NONE'
host='x86_64-unknown-linux-gnu'
host_alias=''
host_cpu='x86_64'
host_os='linux-gnu'
host_vendor='unknown'
htmldir='${docdir}'
includedir='${prefix}/include'
infodir='${datarootdir}/info'
install_sh='${SHELL} /media/nandos0804/SSD/winXoundFork/install-sh'
libdir='${exec_prefix}/lib'
libexecdir='${exec_prefix}/libexec'
localedir='${datarootdir}/locale'
localstatedir='${prefix}/var'
mandir='${datarootdir}/man'
mkdir_p='/usr/bin/mkdir -p'
oldincludedir='/usr/include'
pdfdir='${docdir}'
prefix='NONE'
program_transform_name='s,x,x,'
psdir='${docdir}'
sbindir='${exec_prefix}/sbin'
sharedstatedir='${prefix}/com'
sysconfdir='${prefix}/etc'
target_alias=''

## ----------- ##
## confdefs.h. ##
## ----------- ##

/* confdefs.h */
#define PACKAGE_NAME "winxound"
#define PACKAGE_TARNAME "winxound"
#define PACKAGE_VERSION "3.4.0"
#define PACKAGE_STRING "winxound 3.4.0"
#define PACKAGE_BUGREPORT ""
#define PACKAGE_URL ""
#define PACKAGE "winxound"
#define VERSION "3.4.0"
#define STDC_HEADERS 1
#define HAVE_SYS_TYPES_H 1
#define HAVE_SYS_STAT_H 1
#define HAVE_STDLIB_H 1
#define HAVE_STRING_H 1
#define HAVE_MEMORY_H 1
#define HAVE_STRINGS_H 1
#define HAVE_INTTYPES_H 1
#define HAVE_STDINT_H 1
#define HAVE_UNISTD_H 1
#define HAVE_DLFCN_H 1
#define LT_OBJDIR ".libs/"

configure: exit 1
